myJoke/proguard/seeds.txt
com.j256.ormlite.stmt.mapped.MappedCreate
com.j256.ormlite.stmt.mapped.MappedCreate: java.lang.String queryNextSequenceStmt
com.j256.ormlite.stmt.mapped.MappedCreate: java.lang.String dataClassName
com.j256.ormlite.stmt.mapped.MappedCreate: int versionFieldTypeIndex
com.j256.ormlite.stmt.mapped.MappedCreate: MappedCreate(com.j256.ormlite.table.TableInfo,java.lang.String,com.j256.ormlite.field.FieldType[],java.lang.String,int)
com.j256.ormlite.stmt.mapped.MappedCreate: int insert(com.j256.ormlite.db.DatabaseType,com.j256.ormlite.support.DatabaseConnection,java.lang.Object,com.j256.ormlite.dao.ObjectCache)
com.j256.ormlite.stmt.mapped.MappedCreate: com.j256.ormlite.stmt.mapped.MappedCreate build(com.j256.ormlite.db.DatabaseType,com.j256.ormlite.table.TableInfo)
com.j256.ormlite.stmt.mapped.MappedCreate: boolean foreignCollectionsAreAssigned(com.j256.ormlite.field.FieldType[],java.lang.Object)
com.j256.ormlite.stmt.mapped.MappedCreate: boolean isFieldCreatable(com.j256.ormlite.db.DatabaseType,com.j256.ormlite.field.FieldType)
com.j256.ormlite.stmt.mapped.MappedCreate: java.lang.String buildQueryNextSequence(com.j256.ormlite.db.DatabaseType,com.j256.ormlite.field.FieldType)
com.j256.ormlite.stmt.mapped.MappedCreate: void assignSequenceId(com.j256.ormlite.support.DatabaseConnection,java.lang.Object,com.j256.ormlite.dao.ObjectCache)
com.j256.ormlite.stmt.mapped.MappedCreate$1
com.j256.ormlite.stmt.mapped.MappedCreate$KeyHolder
com.j256.ormlite.stmt.mapped.MappedCreate$KeyHolder: java.lang.Number key
com.j256.ormlite.stmt.mapped.MappedCreate$KeyHolder: MappedCreate$KeyHolder()
com.j256.ormlite.stmt.mapped.MappedCreate$KeyHolder: java.lang.Number getKey()
com.j256.ormlite.stmt.mapped.MappedCreate$KeyHolder: void addKey(java.lang.Number)
com.j256.ormlite.stmt.mapped.MappedCreate$KeyHolder: MappedCreate$KeyHolder(com.j256.ormlite.stmt.mapped.MappedCreate$1)
com.j256.ormlite.stmt.mapped.MappedDelete
com.j256.ormlite.stmt.mapped.MappedDelete: MappedDelete(com.j256.ormlite.table.TableInfo,java.lang.String,com.j256.ormlite.field.FieldType[])
com.j256.ormlite.stmt.mapped.MappedDelete: com.j256.ormlite.stmt.mapped.MappedDelete build(com.j256.ormlite.db.DatabaseType,com.j256.ormlite.table.TableInfo)
com.j256.ormlite.stmt.mapped.MappedDelete: int delete(com.j256.ormlite.support.DatabaseConnection,java.lang.Object,com.j256.ormlite.dao.ObjectCache)
com.j256.ormlite.stmt.mapped.MappedDelete: int deleteById(com.j256.ormlite.support.DatabaseConnection,java.lang.Object,com.j256.ormlite.dao.ObjectCache)
com.j256.ormlite.stmt.mapped.MappedDeleteCollection
com.j256.ormlite.stmt.mapped.MappedDeleteCollection: MappedDeleteCollection(com.j256.ormlite.table.TableInfo,java.lang.String,com.j256.ormlite.field.FieldType[])
com.j256.ormlite.stmt.mapped.MappedDeleteCollection: int deleteObjects(com.j256.ormlite.db.DatabaseType,com.j256.ormlite.table.TableInfo,com.j256.ormlite.support.DatabaseConnection,java.util.Collection,com.j256.ormlite.dao.ObjectCache)
com.j256.ormlite.stmt.mapped.MappedDeleteCollection: int deleteIds(com.j256.ormlite.db.DatabaseType,com.j256.ormlite.table.TableInfo,com.j256.ormlite.support.DatabaseConnection,java.util.Collection,com.j256.ormlite.dao.ObjectCache)
com.j256.ormlite.stmt.mapped.MappedDeleteCollection: com.j256.ormlite.stmt.mapped.MappedDeleteCollection build(com.j256.ormlite.db.DatabaseType,com.j256.ormlite.table.TableInfo,int)
com.j256.ormlite.stmt.mapped.MappedDeleteCollection: int updateRows(com.j256.ormlite.support.DatabaseConnection,java.lang.Class,com.j256.ormlite.stmt.mapped.MappedDeleteCollection,java.lang.Object[],com.j256.ormlite.dao.ObjectCache)
com.j256.ormlite.stmt.mapped.MappedDeleteCollection: void appendWhereIds(com.j256.ormlite.db.DatabaseType,com.j256.ormlite.field.FieldType,java.lang.StringBuilder,int,com.j256.ormlite.field.FieldType[])